0 info it worked if it ends with ok
1 verbose cli [ 'E:\\nodejs\\node.exe',
1 verbose cli   'E:\\nodejs\\node_modules\\npm\\bin\\npm-cli.js',
1 verbose cli   'run',
1 verbose cli   'build' ]
2 info using npm@3.10.10
3 info using node@v6.17.1
4 verbose run-script [ 'prebuild', 'build', 'postbuild' ]
5 info lifecycle hop@0.0.0~prebuild: hop@0.0.0
6 silly lifecycle hop@0.0.0~prebuild: no script for prebuild, continuing
7 info lifecycle hop@0.0.0~build: hop@0.0.0
8 verbose lifecycle hop@0.0.0~build: unsafe-perm in lifecycle true
9 verbose lifecycle hop@0.0.0~build: PATH: E:\nodejs\node_modules\npm\bin\node-gyp-bin;E:\nodejs\Gitlab\EdeliveryMultiLanguage\backend\new_user_panel\node_modules\.bin;C:\Program Files (x86)\Common Files\Oracle\Java\javapath;C:\Program Files (x86)\Intel\Intel(R) Management Engine Components\iCLS\;C:\Program Files\Intel\Intel(R) Management Engine Components\iCLS\;C:\Windows\system32;C:\Windows;C:\Windows\System32\Wbem;C:\Windows\System32\WindowsPowerShell\v1.0\;C:\Windows\System32\OpenSSH\;C:\Program Files (x86)\Intel\Intel(R) Management Engine Components\DAL;C:\Program Files\Intel\Intel(R) Management Engine Components\DAL;C:\Program Files (x86)\Intel\Intel(R) Management Engine Components\IPT;C:\Program Files\Intel\Intel(R) Management Engine Components\IPT;C:\Program Files (x86)\NVIDIA Corporation\PhysX\Common;C:\Program Files\Git\cmd;C:\WINDOWS\system32;C:\WINDOWS;C:\WINDOWS\System32\Wbem;C:\WINDOWS\System32\WindowsPowerShell\v1.0\;C:\WINDOWS\System32\OpenSSH\;E:\nodejs\;C:\Users\user\AppData\Local\Microsoft\WindowsApps;C:\Users\user\AppData\Local\GitHubDesktop\bin;C:\Users\user\AppData\Local\Microsoft\WindowsApps;C:\Users\user\AppData\Roaming\npm
10 verbose lifecycle hop@0.0.0~build: CWD: E:\nodejs\Gitlab\EdeliveryMultiLanguage\backend\new_user_panel
11 silly lifecycle hop@0.0.0~build: Args: [ '/d /s /c', 'ng build && nodemon server.js' ]
12 silly lifecycle hop@0.0.0~build: Returned: code: 3  signal: null
13 info lifecycle hop@0.0.0~build: Failed to exec build script
14 verbose stack Error: hop@0.0.0 build: `ng build && nodemon server.js`
14 verbose stack Exit status 3
14 verbose stack     at EventEmitter.<anonymous> (E:\nodejs\node_modules\npm\lib\utils\lifecycle.js:255:16)
14 verbose stack     at emitTwo (events.js:106:13)
14 verbose stack     at EventEmitter.emit (events.js:191:7)
14 verbose stack     at ChildProcess.<anonymous> (E:\nodejs\node_modules\npm\lib\utils\spawn.js:40:14)
14 verbose stack     at emitTwo (events.js:106:13)
14 verbose stack     at ChildProcess.emit (events.js:191:7)
14 verbose stack     at maybeClose (internal/child_process.js:920:16)
14 verbose stack     at Process.ChildProcess._handle.onexit (internal/child_process.js:230:5)
15 verbose pkgid hop@0.0.0
16 verbose cwd E:\nodejs\Gitlab\EdeliveryMultiLanguage\backend\new_user_panel
17 error Windows_NT 10.0.18363
18 error argv "E:\\nodejs\\node.exe" "E:\\nodejs\\node_modules\\npm\\bin\\npm-cli.js" "run" "build"
19 error node v6.17.1
20 error npm  v3.10.10
21 error code ELIFECYCLE
22 error hop@0.0.0 build: `ng build && nodemon server.js`
22 error Exit status 3
23 error Failed at the hop@0.0.0 build script 'ng build && nodemon server.js'.
23 error Make sure you have the latest version of node.js and npm installed.
23 error If you do, this is most likely a problem with the hop package,
23 error not with npm itself.
23 error Tell the author that this fails on your system:
23 error     ng build && nodemon server.js
23 error You can get information on how to open an issue for this project with:
23 error     npm bugs hop
23 error Or if that isn't available, you can get their info via:
23 error     npm owner ls hop
23 error There is likely additional logging output above.
24 verbose exit [ 1, true ]
